<?xml version="1.0" encoding="UTF-8"?>
<!-- Generated by org.testng.reporters.JUnitReportReporter -->
<testsuite hostname="LAPTOP-54CIPACA" failures="0" tests="1" name="RestAPI.GetRequestWithParam" time="3.673" errors="0" timestamp="16 Jul 2023 04:32:29 GMT" skipped="0">
  <testcase classname="RestAPI.GetRequestWithParam" name="test1" time="3.673"/>
</testsuite> <!-- RestAPI.GetRequestWithParam -->
