<?xml version="1.0" encoding="UTF-8"?>
<!-- Generated by org.testng.reporters.JUnitReportReporter -->
<testsuite hostname="LAPTOP-54CIPACA" failures="0" tests="1" name="RestAPI.PostRequest" time="2.497" errors="0" timestamp="16 Jul 2023 05:41:18 GMT" skipped="0">
  <testcase classname="RestAPI.PostRequest" name="test1" time="2.497"/>
</testsuite> <!-- RestAPI.PostRequest -->
