<?xml version="1.0" encoding="UTF-8"?>
<!-- Generated by org.testng.reporters.JUnitReportReporter -->
<testsuite hostname="LAPTOP-54CIPACA" failures="0" tests="1" name="RestAPI.PostRequestwithFile" time="1.302" errors="0" timestamp="16 Jul 2023 09:32:01 GMT" skipped="0">
  <testcase classname="RestAPI.PostRequestwithFile" name="test1" time="1.302"/>
</testsuite> <!-- RestAPI.PostRequestwithFile -->
