<?xml version="1.0" encoding="UTF-8"?>
<!-- Generated by org.testng.reporters.JUnitReportReporter -->
<testsuite hostname="LAPTOP-54CIPACA" failures="0" tests="1" name="RestAPI.PostRequestWithJsonObject" time="1.748" errors="0" timestamp="16 Jul 2023 09:09:01 GMT" skipped="0">
  <testcase classname="RestAPI.PostRequestWithJsonObject" name="test1" time="1.748"/>
</testsuite> <!-- RestAPI.PostRequestWithJsonObject -->
