<?xml version="1.0" encoding="UTF-8"?>
<!-- Generated by org.testng.reporters.JUnitReportReporter -->
<testsuite hostname="LAPTOP-54CIPACA" failures="0" tests="1" name="RestApiBDD.PostRequestBDD" time="2.235" errors="0" timestamp="25 Jul 2023 10:10:12 GMT" skipped="0">
  <testcase classname="RestApiBDD.PostRequestBDD" name="test1" time="2.235"/>
</testsuite> <!-- RestApiBDD.PostRequestBDD -->
