<?xml version="1.0" encoding="UTF-8"?>
<!-- Generated by org.testng.reporters.JUnitReportReporter -->
<testsuite hostname="LAPTOP-54CIPACA" failures="0" tests="1" name="Github.CreateRepo" time="3.679" errors="0" timestamp="17 Jul 2023 16:18:41 GMT" skipped="0">
  <testcase classname="Github.CreateRepo" name="test1" time="3.679"/>
</testsuite> <!-- Github.CreateRepo -->
