<?xml version="1.0" encoding="UTF-8"?>
<!-- Generated by org.testng.reporters.JUnitReportReporter -->
<testsuite hostname="LAPTOP-54CIPACA" failures="0" tests="1" name="SpringBootApp.GetAllEmployee" time="4.072" errors="0" timestamp="17 Jul 2023 15:16:55 GMT" skipped="0">
  <testcase classname="SpringBootApp.GetAllEmployee" name="test1" time="4.072"/>
</testsuite> <!-- SpringBootApp.GetAllEmployee -->
