<?xml version="1.0" encoding="UTF-8"?>
<!-- Generated by org.testng.reporters.JUnitReportReporter -->
<testsuite hostname="LAPTOP-54CIPACA" failures="0" tests="1" name="RestAPI.GetRequest" time="3.335" errors="0" timestamp="16 Jul 2023 04:43:18 GMT" skipped="0">
  <testcase classname="RestAPI.GetRequest" name="test1" time="3.335"/>
</testsuite> <!-- RestAPI.GetRequest -->
