<?xml version="1.0" encoding="UTF-8"?>
<!-- Generated by org.testng.reporters.JUnitReportReporter -->
<testsuite hostname="LAPTOP-54CIPACA" failures="0" tests="1" name="RestAPI.PostrequestWithMap" time="3.204" errors="0" timestamp="16 Jul 2023 05:50:07 GMT" skipped="0">
  <testcase classname="RestAPI.PostrequestWithMap" name="test1" time="3.204"/>
</testsuite> <!-- RestAPI.PostrequestWithMap -->
