<?xml version="1.0" encoding="UTF-8"?>
<!-- Generated by org.testng.reporters.JUnitReportReporter -->
<testsuite hostname="LAPTOP-54CIPACA" failures="0" tests="1" name="RestApiXML.XMLTest" time="2.981" errors="0" timestamp="25 Jul 2023 15:00:27 GMT" skipped="0">
  <testcase classname="RestApiXML.XMLTest" name="test2" time="2.981"/>
</testsuite> <!-- RestApiXML.XMLTest -->
